INFO  2022-08-11 09:57:17,895 [main] SpringBootStep:logStarting(50): Starting SpringBootStep on LASST310594 with PID 11212 (started by sumans in C:\Users\sumans\Desktop\Retry_individual\SalesForceAutomationMaster)
DEBUG 2022-08-11 09:57:17,910 [main] SpringBootStep:logStarting(53): Running with Spring Boot v2.0.0.RELEASE, Spring v5.0.4.RELEASE
INFO  2022-08-11 09:57:17,910 [main] SpringBootStep:logStartupProfileInfo(652): No active profile set, falling back to default profiles: default
INFO  2022-08-11 09:58:25,472 [main] SystemDetails:<init>(50): detected OS: [Windows 10 , 10.0]
INFO  2022-08-11 09:58:25,472 [main] Configuration:read(46): loading configuration: /C:/Users/sumans/Desktop/Retry_individual/SalesForceAutomationMaster/target/test-classes/config.properties
INFO  2022-08-11 09:58:25,472 [main] Configuration:<init>(34): PageFactory is configured for deviceType [null]
INFO  2022-08-11 09:58:28,509 [main] SpringBootStep:logStarted(59): Started SpringBootStep in 70.843 seconds (JVM running for 102.17)
DEBUG 2022-08-11 09:58:28,819 [main] SpringBootStep:beforeScenario(50): *****[GPT_BilledRevenueProductCombinationOne][Scenario #1: To verify Sales rep is able to add (voice, voice & data(individual), voice & data(shared)) products, validate the basket and capture the Voice RRP and Data RRP in Pre Prod ] *****
DEBUG 2022-08-11 09:58:35,304 [main] PageObject:login(87): using login details form configuration file...
DEBUG 2022-08-11 09:58:35,304 [main] PageObject:login(93): Shradha@Rani11
DEBUG 2022-08-11 09:58:35,305 [main] PageObject:login(94): login to saleforce ....
DEBUG 2022-08-11 09:58:35,660 [main] PageObject:clickElement(67): clicking on 
DEBUG 2022-08-11 09:59:10,832 [main] PageObject:clickElement(67): clicking on 
DEBUG 2022-08-11 09:59:13,132 [main] PageObject:clickElement(67): clicking on 
DEBUG 2022-08-11 09:59:21,081 [main] PageObject:clickElement(67): clicking on Sales Rep PrivateE2E
DEBUG 2022-08-11 09:59:29,586 [main] PageObject:clickElement(67): clicking on 
DEBUG 2022-08-11 09:59:31,729 [main] PageObject:clickElement(67): clicking on User Detail
DEBUG 2022-08-11 09:59:37,363 [main] PageObject:clickElement(67): clicking on 
DEBUG 2022-08-11 09:59:44,275 [main] PageObject:profileLoginGPT(207): Logged in as Sales Rep
DEBUG 2022-08-11 09:59:51,342 [main] PageObject:clickElement(67): clicking on Opportunities
DEBUG 2022-08-11 09:59:56,650 [main] PageObject:clickElement(67): clicking on 
DEBUG 2022-08-11 09:59:59,764 [main] PageObject:clickElement(67): clicking on 
DEBUG 2022-08-11 10:00:21,098 [main] PageObject:clickElement(67): clicking on [ 11/08/2022 ]
DEBUG 2022-08-11 10:00:32,510 [main] PageObject:clickElement(67): clicking on 
